
2024/09/11 (02:42:23) | ===> btop++ v.1.3.2
2024/09/11 (02:42:23) | WARNING: NVML: Failed to get maximum GPU power draw, defaulting to 225W: Not Supported

2024/09/11 (19:10:45) | ===> btop++ v.1.3.2
2024/09/11 (19:10:45) | WARNING: NVML: Failed to get maximum GPU power draw, defaulting to 225W: Not Supported

2024/09/11 (22:58:19) | ===> btop++ v.1.3.2
2024/09/11 (22:58:19) | WARNING: NVML: Failed to get maximum GPU power draw, defaulting to 225W: Not Supported

2024/09/11 (23:13:53) | ===> btop++ v.1.3.2
2024/09/11 (23:13:53) | WARNING: NVML: Failed to get maximum GPU power draw, defaulting to 225W: Not Supported

2024/09/11 (23:41:02) | ===> btop++ v.1.3.2
2024/09/11 (23:41:02) | WARNING: NVML: Failed to get maximum GPU power draw, defaulting to 225W: Not Supported

2024/09/12 (00:35:20) | ===> btop++ v.1.3.2
2024/09/12 (00:35:20) | WARNING: NVML: Failed to get maximum GPU power draw, defaulting to 225W: Not Supported

2024/09/13 (08:39:28) | ===> btop++ v.1.3.2
2024/09/13 (08:39:28) | WARNING: NVML: Failed to get maximum GPU power draw, defaulting to 225W: Not Supported

2024/09/13 (08:45:51) | ===> btop++ v.1.3.2
2024/09/13 (08:45:51) | WARNING: NVML: Failed to get maximum GPU power draw, defaulting to 225W: Not Supported

2024/09/13 (08:47:00) | ===> btop++ v.1.3.2
2024/09/13 (08:47:00) | WARNING: NVML: Failed to get maximum GPU power draw, defaulting to 225W: Not Supported

2024/09/13 (08:47:17) | ===> btop++ v.1.3.2
2024/09/13 (08:47:17) | WARNING: NVML: Failed to get maximum GPU power draw, defaulting to 225W: Not Supported

2024/09/13 (08:53:46) | ===> btop++ v.1.3.2
2024/09/13 (08:53:46) | WARNING: NVML: Failed to get maximum GPU power draw, defaulting to 225W: Not Supported

2024/09/13 (11:42:06) | ===> btop++ v.1.3.2
2024/09/13 (11:42:06) | WARNING: NVML: Failed to get maximum GPU power draw, defaulting to 225W: Not Supported

2024/09/14 (07:05:10) | ===> btop++ v.1.3.2
2024/09/14 (07:05:10) | WARNING: NVML: Failed to get maximum GPU power draw, defaulting to 225W: Not Supported

2024/09/14 (14:37:43) | ===> btop++ v.1.3.2
2024/09/14 (14:37:43) | WARNING: NVML: Failed to get maximum GPU power draw, defaulting to 225W: Not Supported

2024/09/16 (10:02:09) | ===> btop++ v.1.3.2
2024/09/16 (10:02:09) | WARNING: NVML: Failed to get maximum GPU power draw, defaulting to 225W: Not Supported

2024/09/16 (10:18:57) | ===> btop++ v.1.3.2
2024/09/16 (10:18:57) | WARNING: NVML: Failed to get maximum GPU power draw, defaulting to 225W: Not Supported

2024/09/16 (10:43:26) | ===> btop++ v.1.3.2
2024/09/16 (10:43:26) | WARNING: NVML: Failed to get maximum GPU power draw, defaulting to 225W: Not Supported

2024/09/16 (14:24:54) | ===> btop++ v.1.3.2
2024/09/16 (14:24:54) | WARNING: NVML: Failed to get maximum GPU power draw, defaulting to 225W: Not Supported

2024/09/18 (07:52:29) | ===> btop++ v.1.3.2
2024/09/18 (07:52:29) | WARNING: NVML: Failed to get maximum GPU power draw, defaulting to 225W: Not Supported

2024/09/18 (20:15:58) | ===> btop++ v.1.3.2
2024/09/18 (20:15:58) | WARNING: NVML: Failed to get maximum GPU power draw, defaulting to 225W: Not Supported

2024/09/18 (20:35:48) | ===> btop++ v.1.3.2
2024/09/18 (20:35:48) | WARNING: NVML: Failed to get maximum GPU power draw, defaulting to 225W: Not Supported

2024/09/20 (19:40:10) | ===> btop++ v.1.3.2
2024/09/20 (19:40:10) | WARNING: NVML: Failed to get maximum GPU power draw, defaulting to 225W: Not Supported

2024/09/23 (17:18:13) | ===> btop++ v.1.3.2
2024/09/23 (17:18:13) | WARNING: NVML: Failed to get maximum GPU power draw, defaulting to 225W: Not Supported

2024/09/24 (17:42:31) | ===> btop++ v.1.3.2
2024/09/24 (17:42:31) | WARNING: NVML: Failed to get maximum GPU power draw, defaulting to 225W: Not Supported

2024/09/25 (18:02:18) | ===> btop++ v.1.3.2
2024/09/25 (18:02:18) | WARNING: NVML: Failed to get maximum GPU power draw, defaulting to 225W: Not Supported

2024/09/28 (06:21:31) | ===> btop++ v.1.3.2
2024/09/28 (06:21:31) | WARNING: NVML: Failed to get maximum GPU power draw, defaulting to 225W: Not Supported

2024/09/28 (06:22:11) | ===> btop++ v.1.3.2
2024/09/28 (06:22:11) | WARNING: NVML: Failed to get maximum GPU power draw, defaulting to 225W: Not Supported

2024/09/28 (06:22:17) | ===> btop++ v.1.3.2
2024/09/28 (06:22:17) | WARNING: NVML: Failed to get maximum GPU power draw, defaulting to 225W: Not Supported

2024/09/28 (06:22:41) | ===> btop++ v.1.3.2
2024/09/28 (06:22:41) | WARNING: NVML: Failed to get maximum GPU power draw, defaulting to 225W: Not Supported

2024/10/13 (01:44:12) | ===> btop++ v.1.4.0
2024/10/13 (01:44:12) | WARNING: NVML: Failed to get maximum GPU power draw, defaulting to 225W: Not Supported
2024/10/13 (01:44:12) | WARNING: Intel GPU: Failed to initialize PMU

2024/10/13 (10:53:04) | ===> btop++ v.1.4.0
2024/10/13 (10:53:04) | WARNING: NVML: Failed to get maximum GPU power draw, defaulting to 225W: Not Supported
2024/10/13 (10:53:04) | WARNING: Intel GPU: Failed to initialize PMU

2024/10/20 (16:49:43) | ===> btop++ v.1.4.0
2024/10/20 (16:49:43) | WARNING: NVML: Failed to get maximum GPU power draw, defaulting to 225W: Not Supported
2024/10/20 (16:49:44) | WARNING: Intel GPU: Failed to initialize PMU

2024/10/20 (19:05:48) | ===> btop++ v.1.4.0
2024/10/20 (19:05:48) | WARNING: NVML: Failed to get maximum GPU power draw, defaulting to 225W: Not Supported
2024/10/20 (19:05:48) | WARNING: Intel GPU: Failed to initialize PMU

2024/10/28 (13:54:44) | ===> btop++ v.1.4.0
2024/10/28 (13:54:44) | WARNING: NVML: Failed to get maximum GPU power draw, defaulting to 225W: Not Supported
2024/10/28 (13:54:44) | WARNING: Intel GPU: Failed to initialize PMU

2024/11/06 (12:44:59) | ===> btop++ v.1.4.0
2024/11/06 (12:44:59) | WARNING: NVML: Failed to get maximum GPU power draw, defaulting to 225W: Not Supported
2024/11/06 (12:44:59) | WARNING: Intel GPU: Failed to initialize PMU

2024/11/06 (15:20:56) | ===> btop++ v.1.4.0
2024/11/06 (15:20:56) | WARNING: NVML: Failed to get maximum GPU power draw, defaulting to 225W: Not Supported
2024/11/06 (15:20:56) | WARNING: Intel GPU: Failed to initialize PMU

2024/11/12 (00:20:49) | ===> btop++ v.1.4.0
2024/11/12 (00:20:49) | WARNING: NVML: Failed to get maximum GPU power draw, defaulting to 225W: Not Supported
2024/11/12 (00:20:49) | WARNING: Intel GPU: Failed to initialize PMU

2024/11/12 (01:52:08) | ===> btop++ v.1.4.0
2024/11/12 (01:52:08) | WARNING: NVML: Failed to get maximum GPU power draw, defaulting to 225W: Not Supported
2024/11/12 (01:52:08) | WARNING: Intel GPU: Failed to initialize PMU

2024/11/12 (01:52:13) | ===> btop++ v.1.4.0
2024/11/12 (01:52:13) | WARNING: NVML: Failed to get maximum GPU power draw, defaulting to 225W: Not Supported
2024/11/12 (01:52:13) | WARNING: Intel GPU: Failed to initialize PMU

2024/11/14 (01:02:47) | ===> btop++ v.1.4.0
2024/11/14 (01:02:47) | WARNING: NVML: Failed to get maximum GPU power draw, defaulting to 225W: Not Supported
2024/11/14 (01:02:47) | WARNING: Intel GPU: Failed to initialize PMU

2024/11/14 (19:54:50) | ===> btop++ v.1.4.0
2024/11/14 (19:54:50) | WARNING: NVML: Failed to get maximum GPU power draw, defaulting to 225W: Not Supported
2024/11/14 (19:54:50) | WARNING: Intel GPU: Failed to initialize PMU

2024/11/14 (19:56:59) | ===> btop++ v.1.4.0
2024/11/14 (19:56:59) | WARNING: NVML: Failed to get maximum GPU power draw, defaulting to 225W: Not Supported
2024/11/14 (19:56:59) | WARNING: Intel GPU: Failed to initialize PMU

2024/11/14 (19:58:24) | ===> btop++ v.1.4.0
2024/11/14 (19:58:24) | WARNING: NVML: Failed to get maximum GPU power draw, defaulting to 225W: Not Supported
2024/11/14 (19:58:24) | WARNING: Intel GPU: Failed to initialize PMU

2024/11/14 (20:04:58) | ===> btop++ v.1.4.0
2024/11/14 (20:04:58) | WARNING: NVML: Failed to get maximum GPU power draw, defaulting to 225W: Not Supported
2024/11/14 (20:04:58) | WARNING: Intel GPU: Failed to initialize PMU

2024/11/14 (20:54:20) | ===> btop++ v.1.4.0
2024/11/14 (20:54:20) | WARNING: NVML: Failed to get maximum GPU power draw, defaulting to 225W: Not Supported
2024/11/14 (20:54:20) | WARNING: Intel GPU: Failed to initialize PMU

2024/11/14 (21:37:20) | ===> btop++ v.1.4.0
2024/11/14 (21:37:20) | WARNING: NVML: Failed to get maximum GPU power draw, defaulting to 225W: Not Supported
2024/11/14 (21:37:21) | WARNING: Intel GPU: Failed to initialize PMU

2024/11/14 (22:10:48) | ===> btop++ v.1.4.0
2024/11/14 (22:10:48) | WARNING: NVML: Failed to get maximum GPU power draw, defaulting to 225W: Not Supported
2024/11/14 (22:10:48) | WARNING: Intel GPU: Failed to initialize PMU

2024/11/14 (22:13:09) | ===> btop++ v.1.4.0
2024/11/14 (22:13:09) | WARNING: NVML: Failed to get maximum GPU power draw, defaulting to 225W: Not Supported
2024/11/14 (22:13:09) | WARNING: Intel GPU: Failed to initialize PMU

2024/11/14 (22:21:33) | ===> btop++ v.1.4.0
2024/11/14 (22:21:33) | WARNING: NVML: Failed to get maximum GPU power draw, defaulting to 225W: Not Supported
2024/11/14 (22:21:33) | WARNING: Intel GPU: Failed to initialize PMU

2024/11/16 (06:34:18) | ===> btop++ v.1.4.0
2024/11/16 (06:34:18) | WARNING: NVML: Failed to get maximum GPU power draw, defaulting to 225W: Not Supported
2024/11/16 (06:34:18) | WARNING: Intel GPU: Failed to initialize PMU

2024/11/16 (07:10:13) | ===> btop++ v.1.4.0
2024/11/16 (07:10:13) | WARNING: NVML: Failed to get maximum GPU power draw, defaulting to 225W: Not Supported
2024/11/16 (07:10:13) | WARNING: Intel GPU: Failed to initialize PMU

2024/11/16 (07:10:31) | ===> btop++ v.1.4.0
2024/11/16 (07:10:31) | WARNING: NVML: Failed to get maximum GPU power draw, defaulting to 225W: Not Supported
2024/11/16 (07:10:31) | WARNING: Intel GPU: Failed to initialize PMU

2024/11/17 (22:41:47) | ===> btop++ v.1.4.0
2024/11/17 (22:41:47) | WARNING: NVML: Failed to get maximum GPU power draw, defaulting to 225W: Not Supported
2024/11/17 (22:41:47) | WARNING: Intel GPU: Failed to initialize PMU

2024/11/19 (03:17:34) | ===> btop++ v.1.4.0
2024/11/19 (03:17:34) | WARNING: NVML: Failed to get maximum GPU power draw, defaulting to 225W: Not Supported
2024/11/19 (03:17:35) | WARNING: Intel GPU: Failed to initialize PMU
2024/11/19 (03:19:35) | ERROR: Stall in Runner thread, restarting!

2024/11/19 (03:20:08) | ===> btop++ v.1.4.0
2024/11/19 (03:20:08) | WARNING: NVML: Failed to get maximum GPU power draw, defaulting to 225W: Not Supported
2024/11/19 (03:20:08) | WARNING: Intel GPU: Failed to initialize PMU

2024/11/19 (03:49:00) | ===> btop++ v.1.4.0
2024/11/19 (03:49:00) | WARNING: NVML: Failed to get maximum GPU power draw, defaulting to 225W: Not Supported
2024/11/19 (03:49:00) | WARNING: Intel GPU: Failed to initialize PMU

2024/11/19 (03:49:07) | ===> btop++ v.1.4.0
2024/11/19 (03:49:07) | WARNING: NVML: Failed to get maximum GPU power draw, defaulting to 225W: Not Supported
2024/11/19 (03:49:07) | WARNING: Intel GPU: Failed to initialize PMU

2024/11/19 (03:49:30) | ===> btop++ v.1.4.0
2024/11/19 (03:49:30) | WARNING: NVML: Failed to get maximum GPU power draw, defaulting to 225W: Not Supported
2024/11/19 (03:49:30) | WARNING: Intel GPU: Failed to initialize PMU

2024/11/19 (03:49:42) | ===> btop++ v.1.4.0
2024/11/19 (03:49:42) | WARNING: NVML: Failed to get maximum GPU power draw, defaulting to 225W: Not Supported
2024/11/19 (03:49:42) | WARNING: Intel GPU: Failed to initialize PMU

2024/11/21 (04:41:26) | ===> btop++ v.1.4.0
2024/11/21 (04:41:26) | WARNING: NVML: Failed to get maximum GPU power draw, defaulting to 225W: Not Supported
2024/11/21 (04:41:26) | WARNING: Intel GPU: Failed to initialize PMU

2024/11/22 (04:49:58) | ===> btop++ v.1.4.0
2024/11/22 (04:49:58) | WARNING: NVML: Failed to get maximum GPU power draw, defaulting to 225W: Not Supported
2024/11/22 (04:49:58) | WARNING: Intel GPU: Failed to initialize PMU

2024/11/30 (17:47:30) | ===> btop++ v.1.4.0
2024/11/30 (17:47:30) | WARNING: NVML: Failed to get maximum GPU power draw, defaulting to 225W: Not Supported
2024/11/30 (17:47:30) | WARNING: Intel GPU: Failed to initialize PMU

2024/12/12 (12:25:48) | ===> btop++ v.1.4.0
2024/12/12 (12:25:48) | WARNING: NVML: Failed to get maximum GPU power draw, defaulting to 225W: Not Supported
2024/12/12 (12:25:48) | WARNING: Intel GPU: Failed to initialize PMU

2024/12/12 (21:42:21) | ===> btop++ v.1.4.0
2024/12/12 (21:42:21) | WARNING: NVML: Failed to get maximum GPU power draw, defaulting to 225W: Not Supported
2024/12/12 (21:42:21) | WARNING: Intel GPU: Failed to initialize PMU

2024/12/12 (23:44:42) | ===> btop++ v.1.4.0
2024/12/12 (23:44:42) | WARNING: NVML: Failed to get maximum GPU power draw, defaulting to 225W: Not Supported
2024/12/12 (23:44:42) | WARNING: Intel GPU: Failed to initialize PMU

2024/12/14 (20:12:16) | ===> btop++ v.1.4.0
2024/12/14 (20:12:16) | WARNING: Intel GPU: Failed to initialize PMU

2024/12/17 (21:22:42) | ===> btop++ v.1.4.0
2024/12/17 (21:22:42) | WARNING: NVML: Failed to get maximum GPU power draw, defaulting to 225W: Not Supported
2024/12/17 (21:22:42) | WARNING: Intel GPU: Failed to initialize PMU

2024/12/17 (21:23:06) | ===> btop++ v.1.4.0
2024/12/17 (21:23:06) | WARNING: NVML: Failed to get maximum GPU power draw, defaulting to 225W: Not Supported
2024/12/17 (21:23:06) | WARNING: Intel GPU: Failed to initialize PMU

2024/12/17 (21:23:06) | ===> btop++ v.1.4.0
2024/12/17 (21:23:06) | WARNING: NVML: Failed to get maximum GPU power draw, defaulting to 225W: Not Supported
2024/12/17 (21:23:06) | WARNING: Intel GPU: Failed to initialize PMU

2024/12/18 (02:31:25) | ===> btop++ v.1.4.0
2024/12/18 (02:31:25) | WARNING: NVML: Failed to get maximum GPU power draw, defaulting to 225W: Not Supported
2024/12/18 (02:31:25) | WARNING: Intel GPU: Failed to initialize PMU

2024/12/25 (16:51:22) | ===> btop++ v.1.4.0
2024/12/25 (16:51:22) | WARNING: NVML: Failed to get maximum GPU power draw, defaulting to 225W: Not Supported
2024/12/25 (16:51:22) | WARNING: Intel GPU: Failed to initialize PMU

2024/12/26 (20:34:50) | ===> btop++ v.1.4.0
2024/12/26 (20:34:50) | WARNING: NVML: Failed to get maximum GPU power draw, defaulting to 225W: Not Supported
2024/12/26 (20:34:50) | WARNING: Intel GPU: Failed to initialize PMU

2024/12/26 (20:34:52) | ===> btop++ v.1.4.0
2024/12/26 (20:34:52) | WARNING: NVML: Failed to get maximum GPU power draw, defaulting to 225W: Not Supported
2024/12/26 (20:34:52) | WARNING: Intel GPU: Failed to initialize PMU

2024/12/26 (20:34:55) | ===> btop++ v.1.4.0
2024/12/26 (20:34:55) | WARNING: NVML: Failed to get maximum GPU power draw, defaulting to 225W: Not Supported
2024/12/26 (20:34:55) | WARNING: Intel GPU: Failed to initialize PMU

2024/12/26 (20:34:57) | ===> btop++ v.1.4.0
2024/12/26 (20:34:57) | WARNING: NVML: Failed to get maximum GPU power draw, defaulting to 225W: Not Supported
2024/12/26 (20:34:57) | WARNING: Intel GPU: Failed to initialize PMU

2024/12/26 (20:45:01) | ===> btop++ v.1.4.0
2024/12/26 (20:45:01) | WARNING: NVML: Failed to get maximum GPU power draw, defaulting to 225W: Not Supported
2024/12/26 (20:45:01) | WARNING: Intel GPU: Failed to initialize PMU

2024/12/31 (20:54:34) | ===> btop++ v.1.4.0
2024/12/31 (20:54:34) | WARNING: NVML: Failed to get maximum GPU power draw, defaulting to 225W: Not Supported
2024/12/31 (20:54:34) | WARNING: Intel GPU: Failed to initialize PMU

2025/01/03 (09:09:03) | ===> btop++ v.1.4.0
2025/01/03 (09:09:03) | WARNING: NVML: Failed to get maximum GPU power draw, defaulting to 225W: Not Supported
2025/01/03 (09:09:04) | WARNING: Intel GPU: Failed to initialize PMU

2025/01/03 (21:24:11) | ===> btop++ v.1.4.0
2025/01/03 (21:24:11) | WARNING: NVML: Failed to get maximum GPU power draw, defaulting to 225W: Not Supported
2025/01/03 (21:24:11) | WARNING: Intel GPU: Failed to initialize PMU

2025/01/10 (07:16:08) | ===> btop++ v.1.4.0
2025/01/10 (07:16:08) | WARNING: NVML: Failed to get maximum GPU power draw, defaulting to 225W: Not Supported
2025/01/10 (07:16:08) | WARNING: Intel GPU: Failed to initialize PMU

2025/01/21 (18:21:27) | ===> btop++ v.1.4.0
2025/01/21 (18:21:27) | WARNING: NVML: Failed to get maximum GPU power draw, defaulting to 225W: Not Supported
2025/01/21 (18:21:27) | WARNING: Intel GPU: Failed to initialize PMU

2025/01/23 (20:40:25) | ===> btop++ v.1.4.0
2025/01/23 (20:40:25) | WARNING: NVML: Failed to get maximum GPU power draw, defaulting to 225W: Not Supported
2025/01/23 (20:40:25) | WARNING: Intel GPU: Failed to initialize PMU

2025/01/25 (16:08:29) | ===> btop++ v.1.4.0
2025/01/25 (16:08:29) | WARNING: NVML: Failed to get maximum GPU power draw, defaulting to 225W: Not Supported
2025/01/25 (16:08:29) | WARNING: Intel GPU: Failed to initialize PMU

2025/01/27 (17:21:15) | ===> btop++ v.1.4.0
2025/01/27 (17:21:15) | WARNING: NVML: Failed to get maximum GPU power draw, defaulting to 225W: Not Supported
2025/01/27 (17:21:15) | WARNING: Intel GPU: Failed to initialize PMU

2025/01/28 (01:07:05) | ===> btop++ v.1.4.0
2025/01/28 (01:07:05) | WARNING: NVML: Failed to get maximum GPU power draw, defaulting to 225W: Not Supported
2025/01/28 (01:07:05) | WARNING: Intel GPU: Failed to initialize PMU

2025/01/28 (16:08:06) | ===> btop++ v.1.4.0
2025/01/28 (16:08:06) | WARNING: NVML: Failed to get maximum GPU power draw, defaulting to 225W: Not Supported
2025/01/28 (16:08:06) | WARNING: Intel GPU: Failed to initialize PMU

2025/01/29 (16:35:12) | ===> btop++ v.1.4.0
2025/01/29 (16:35:12) | WARNING: NVML: Failed to get maximum GPU power draw, defaulting to 225W: Not Supported
2025/01/29 (16:35:12) | WARNING: Intel GPU: Failed to initialize PMU

2025/01/30 (07:44:23) | ===> btop++ v.1.4.0
2025/01/30 (07:44:23) | WARNING: NVML: Failed to get maximum GPU power draw, defaulting to 225W: Not Supported
2025/01/30 (07:44:23) | WARNING: Intel GPU: Failed to initialize PMU

2025/02/01 (22:33:27) | ===> btop++ v.1.4.0
2025/02/01 (22:33:27) | WARNING: NVML: Failed to get maximum GPU power draw, defaulting to 225W: Not Supported
2025/02/01 (22:33:28) | WARNING: Intel GPU: Failed to initialize PMU

2025/02/04 (01:25:25) | ===> btop++ v.1.4.0
2025/02/04 (01:25:25) | WARNING: NVML: Failed to get maximum GPU power draw, defaulting to 225W: Not Supported
2025/02/04 (01:25:25) | WARNING: Intel GPU: Failed to initialize PMU

2025/02/05 (03:48:11) | ===> btop++ v.1.4.0
2025/02/05 (03:48:11) | WARNING: NVML: Failed to get maximum GPU power draw, defaulting to 225W: Not Supported
2025/02/05 (03:48:11) | WARNING: Intel GPU: Failed to initialize PMU

2025/02/05 (20:02:06) | ===> btop++ v.1.4.0
2025/02/05 (20:02:06) | WARNING: NVML: Failed to get maximum GPU power draw, defaulting to 225W: Not Supported
2025/02/05 (20:02:06) | WARNING: Intel GPU: Failed to initialize PMU

2025/02/05 (22:24:42) | ===> btop++ v.1.4.0
2025/02/05 (22:24:42) | WARNING: NVML: Failed to get maximum GPU power draw, defaulting to 225W: Not Supported
2025/02/05 (22:24:42) | WARNING: Intel GPU: Failed to initialize PMU

2025/02/06 (01:41:36) | ===> btop++ v.1.4.0
2025/02/06 (01:41:36) | WARNING: NVML: Failed to get maximum GPU power draw, defaulting to 225W: Not Supported
2025/02/06 (01:41:36) | WARNING: Intel GPU: Failed to initialize PMU

2025/02/07 (00:16:30) | ===> btop++ v.1.4.0
2025/02/07 (00:16:30) | WARNING: NVML: Failed to get maximum GPU power draw, defaulting to 225W: Not Supported
2025/02/07 (00:16:30) | WARNING: Intel GPU: Failed to initialize PMU

2025/02/10 (20:38:49) | ===> btop++ v.1.4.0
2025/02/10 (20:38:49) | WARNING: NVML: Failed to get maximum GPU power draw, defaulting to 225W: Not Supported
2025/02/10 (20:38:49) | WARNING: Intel GPU: Failed to initialize PMU

2025/02/12 (07:12:01) | ===> btop++ v.1.4.0
2025/02/12 (07:12:01) | WARNING: NVML: Failed to get maximum GPU power draw, defaulting to 225W: Not Supported
2025/02/12 (07:12:01) | WARNING: Intel GPU: Failed to initialize PMU

2025/02/20 (09:47:41) | ===> btop++ v.1.4.0
2025/02/20 (09:47:41) | WARNING: NVML: Failed to get maximum GPU power draw, defaulting to 225W: Not Supported
2025/02/20 (09:47:41) | WARNING: Intel GPU: Failed to initialize PMU

2025/02/20 (10:17:05) | ===> btop++ v.1.4.0
2025/02/20 (10:17:05) | WARNING: NVML: Failed to get maximum GPU power draw, defaulting to 225W: Not Supported
2025/02/20 (10:17:05) | WARNING: Intel GPU: Failed to initialize PMU

2025/02/21 (13:12:22) | ===> btop++ v.1.4.0
2025/02/21 (13:12:22) | WARNING: NVML: Failed to get maximum GPU power draw, defaulting to 225W: Not Supported
2025/02/21 (13:12:22) | WARNING: Intel GPU: Failed to initialize PMU

2025/02/21 (14:58:19) | ===> btop++ v.1.4.0
2025/02/21 (14:58:19) | WARNING: NVML: Failed to get maximum GPU power draw, defaulting to 225W: Not Supported
2025/02/21 (14:58:19) | WARNING: Intel GPU: Failed to initialize PMU

2025/02/24 (16:42:47) | ===> btop++ v.1.4.0
2025/02/24 (16:42:47) | WARNING: NVML: Failed to get maximum GPU power draw, defaulting to 225W: Not Supported
2025/02/24 (16:42:47) | WARNING: Intel GPU: Failed to initialize PMU

2025/02/26 (21:52:21) | ===> btop++ v.1.4.0
2025/02/26 (21:52:21) | WARNING: NVML: Failed to get maximum GPU power draw, defaulting to 225W: Not Supported
2025/02/26 (21:52:21) | WARNING: Intel GPU: Failed to initialize PMU

2025/03/14 (17:50:34) | ===> btop++ v.1.4.0
2025/03/14 (17:50:34) | WARNING: NVML: Failed to get maximum GPU power draw, defaulting to 225W: Not Supported
2025/03/14 (17:50:34) | WARNING: Intel GPU: Failed to initialize PMU

2025/03/19 (01:03:49) | ===> btop++ v.1.4.0
2025/03/19 (01:03:49) | WARNING: NVML: Failed to get maximum GPU power draw, defaulting to 225W: Not Supported
2025/03/19 (01:03:49) | WARNING: Intel GPU: Failed to initialize PMU

2025/03/19 (07:20:54) | ===> btop++ v.1.4.0
2025/03/19 (07:20:54) | WARNING: NVML: Failed to get maximum GPU power draw, defaulting to 225W: Not Supported
2025/03/19 (07:20:54) | WARNING: Intel GPU: Failed to initialize PMU

2025/03/19 (07:47:51) | ===> btop++ v.1.4.0
2025/03/19 (07:47:51) | WARNING: NVML: Failed to get maximum GPU power draw, defaulting to 225W: Not Supported
2025/03/19 (07:47:51) | WARNING: Intel GPU: Failed to initialize PMU

2025/03/20 (03:26:56) | ===> btop++ v.1.4.0
2025/03/20 (03:26:56) | WARNING: NVML: Failed to get maximum GPU power draw, defaulting to 225W: Not Supported
2025/03/20 (03:26:56) | WARNING: Intel GPU: Failed to initialize PMU

2025/03/20 (03:32:20) | ===> btop++ v.1.4.0
2025/03/20 (03:32:20) | WARNING: NVML: Failed to get maximum GPU power draw, defaulting to 225W: Not Supported
2025/03/20 (03:32:20) | WARNING: Intel GPU: Failed to initialize PMU

2025/03/20 (03:32:24) | ===> btop++ v.1.4.0
2025/03/20 (03:32:24) | WARNING: NVML: Failed to get maximum GPU power draw, defaulting to 225W: Not Supported
2025/03/20 (03:32:24) | WARNING: Intel GPU: Failed to initialize PMU

2025/03/20 (03:42:38) | ===> btop++ v.1.4.0
2025/03/20 (03:42:38) | WARNING: NVML: Failed to get maximum GPU power draw, defaulting to 225W: Not Supported
2025/03/20 (03:42:38) | WARNING: Intel GPU: Failed to initialize PMU

2025/03/20 (03:59:32) | ===> btop++ v.1.4.0
2025/03/20 (03:59:32) | WARNING: NVML: Failed to get maximum GPU power draw, defaulting to 225W: Not Supported
2025/03/20 (03:59:32) | WARNING: Intel GPU: Failed to initialize PMU

2025/03/20 (05:05:43) | ===> btop++ v.1.4.0
2025/03/20 (05:05:43) | WARNING: NVML: Failed to get maximum GPU power draw, defaulting to 225W: Not Supported
2025/03/20 (05:05:43) | WARNING: Intel GPU: Failed to initialize PMU

2025/03/22 (05:49:25) | ===> btop++ v.1.4.0
2025/03/22 (05:49:25) | WARNING: NVML: Failed to get maximum GPU power draw, defaulting to 225W: Not Supported
2025/03/22 (05:49:25) | WARNING: Intel GPU: Failed to initialize PMU

2025/03/24 (05:59:38) | ===> btop++ v.1.4.0
2025/03/24 (05:59:38) | WARNING: NVML: Failed to get maximum GPU power draw, defaulting to 225W: Not Supported
2025/03/24 (05:59:38) | WARNING: Intel GPU: Failed to initialize PMU

2025/03/29 (11:21:26) | ===> btop++ v.1.4.0
2025/03/29 (11:21:26) | WARNING: NVML: Failed to get maximum GPU power draw, defaulting to 225W: Not Supported
2025/03/29 (11:21:26) | WARNING: Intel GPU: Failed to initialize PMU

2025/03/30 (01:33:21) | ===> btop++ v.1.4.0
2025/03/30 (01:33:21) | WARNING: NVML: Failed to get maximum GPU power draw, defaulting to 225W: Not Supported
2025/03/30 (01:33:21) | WARNING: Intel GPU: Failed to initialize PMU

2025/03/30 (01:33:31) | ===> btop++ v.1.4.0
2025/03/30 (01:33:31) | WARNING: NVML: Failed to get maximum GPU power draw, defaulting to 225W: Not Supported
2025/03/30 (01:33:31) | WARNING: Intel GPU: Failed to initialize PMU

2025/04/06 (20:05:25) | ===> btop++ v.1.4.0
2025/04/06 (20:05:25) | WARNING: NVML: Failed to get maximum GPU power draw, defaulting to 225W: Not Supported
2025/04/06 (20:05:25) | WARNING: Intel GPU: Failed to initialize PMU

2025/04/06 (22:54:48) | ===> btop++ v.1.4.0
2025/04/06 (22:54:48) | WARNING: NVML: Failed to get maximum GPU power draw, defaulting to 225W: Not Supported
2025/04/06 (22:54:48) | WARNING: Intel GPU: Failed to initialize PMU

2025/04/06 (23:00:19) | ===> btop++ v.1.4.0
2025/04/06 (23:00:19) | WARNING: NVML: Failed to get maximum GPU power draw, defaulting to 225W: Not Supported
2025/04/06 (23:00:19) | WARNING: Intel GPU: Failed to initialize PMU

2025/04/07 (01:06:51) | ===> btop++ v.1.4.0
2025/04/07 (01:06:51) | WARNING: NVML: Failed to get maximum GPU power draw, defaulting to 225W: Not Supported
2025/04/07 (01:06:51) | WARNING: Intel GPU: Failed to initialize PMU

2025/04/08 (01:24:07) | ===> btop++ v.1.4.0
2025/04/08 (01:24:07) | WARNING: NVML: Failed to get maximum GPU power draw, defaulting to 225W: Not Supported
2025/04/08 (01:24:07) | WARNING: Intel GPU: Failed to initialize PMU

2025/04/08 (19:12:50) | ===> btop++ v.1.4.0
2025/04/08 (19:12:50) | WARNING: NVML: Failed to get maximum GPU power draw, defaulting to 225W: Not Supported
2025/04/08 (19:12:50) | WARNING: Intel GPU: Failed to initialize PMU

2025/04/09 (05:08:16) | ===> btop++ v.1.4.0
2025/04/09 (05:08:16) | WARNING: NVML: Failed to get maximum GPU power draw, defaulting to 225W: Not Supported
2025/04/09 (05:08:16) | WARNING: Intel GPU: Failed to initialize PMU

2025/04/10 (04:42:19) | ===> btop++ v.1.4.0
2025/04/10 (04:42:19) | WARNING: NVML: Failed to get maximum GPU power draw, defaulting to 225W: Not Supported
2025/04/10 (04:42:19) | WARNING: Intel GPU: Failed to initialize PMU

2025/04/10 (04:42:22) | ===> btop++ v.1.4.0
2025/04/10 (04:42:22) | WARNING: NVML: Failed to get maximum GPU power draw, defaulting to 225W: Not Supported
2025/04/10 (04:42:22) | WARNING: Intel GPU: Failed to initialize PMU

2025/04/11 (13:22:31) | ===> btop++ v.1.4.0
2025/04/11 (13:22:31) | WARNING: NVML: Failed to get maximum GPU power draw, defaulting to 225W: Not Supported
2025/04/11 (13:22:31) | WARNING: Intel GPU: Failed to initialize PMU

2025/04/11 (13:24:37) | ===> btop++ v.1.4.0
2025/04/11 (13:24:37) | WARNING: NVML: Failed to get maximum GPU power draw, defaulting to 225W: Not Supported
2025/04/11 (13:24:37) | WARNING: Intel GPU: Failed to initialize PMU

2025/04/11 (13:31:24) | ===> btop++ v.1.4.0
2025/04/11 (13:31:24) | WARNING: NVML: Failed to get maximum GPU power draw, defaulting to 225W: Not Supported
2025/04/11 (13:31:24) | WARNING: Intel GPU: Failed to initialize PMU

2025/04/11 (13:32:11) | ===> btop++ v.1.4.0
2025/04/11 (13:32:11) | WARNING: NVML: Failed to get maximum GPU power draw, defaulting to 225W: Not Supported
2025/04/11 (13:32:11) | WARNING: Intel GPU: Failed to initialize PMU

2025/04/11 (13:34:19) | ===> btop++ v.1.4.0
2025/04/11 (13:34:19) | WARNING: NVML: Failed to get maximum GPU power draw, defaulting to 225W: Not Supported
2025/04/11 (13:34:19) | WARNING: Intel GPU: Failed to initialize PMU

2025/04/11 (13:36:50) | ===> btop++ v.1.4.0
2025/04/11 (13:36:50) | WARNING: NVML: Failed to get maximum GPU power draw, defaulting to 225W: Not Supported
2025/04/11 (13:36:50) | WARNING: Intel GPU: Failed to initialize PMU

2025/04/11 (18:26:58) | ===> btop++ v.1.4.0
2025/04/11 (18:26:58) | WARNING: NVML: Failed to get maximum GPU power draw, defaulting to 225W: Not Supported
2025/04/11 (18:26:58) | WARNING: Intel GPU: Failed to initialize PMU

2025/04/12 (01:19:22) | ===> btop++ v.1.4.0
2025/04/12 (01:19:22) | WARNING: NVML: Failed to get maximum GPU power draw, defaulting to 225W: Not Supported
2025/04/12 (01:19:22) | WARNING: Intel GPU: Failed to initialize PMU

2025/04/12 (20:27:48) | ===> btop++ v.1.4.0
2025/04/12 (20:27:48) | WARNING: NVML: Failed to get maximum GPU power draw, defaulting to 225W: Not Supported
2025/04/12 (20:27:48) | WARNING: Intel GPU: Failed to initialize PMU

2025/04/12 (20:31:17) | ===> btop++ v.1.4.0
2025/04/12 (20:31:17) | WARNING: NVML: Failed to get maximum GPU power draw, defaulting to 225W: Not Supported
2025/04/12 (20:31:17) | WARNING: Intel GPU: Failed to initialize PMU

2025/04/12 (20:32:01) | ===> btop++ v.1.4.0
2025/04/12 (20:32:01) | WARNING: NVML: Failed to get maximum GPU power draw, defaulting to 225W: Not Supported
2025/04/12 (20:32:01) | WARNING: Intel GPU: Failed to initialize PMU

2025/04/12 (21:28:20) | ===> btop++ v.1.4.0
2025/04/12 (21:28:20) | WARNING: NVML: Failed to get maximum GPU power draw, defaulting to 225W: Not Supported
2025/04/12 (21:28:20) | WARNING: Intel GPU: Failed to initialize PMU

2025/04/13 (02:31:09) | ===> btop++ v.1.4.0
2025/04/13 (02:31:09) | WARNING: NVML: Failed to get maximum GPU power draw, defaulting to 225W: Not Supported
2025/04/13 (02:31:09) | WARNING: Intel GPU: Failed to initialize PMU

2025/04/13 (02:31:48) | ===> btop++ v.1.4.0
2025/04/13 (02:31:48) | WARNING: NVML: Failed to get maximum GPU power draw, defaulting to 225W: Not Supported
2025/04/13 (02:31:48) | WARNING: Intel GPU: Failed to initialize PMU

2025/04/13 (02:32:44) | ===> btop++ v.1.4.0
2025/04/13 (02:32:44) | WARNING: NVML: Failed to get maximum GPU power draw, defaulting to 225W: Not Supported
2025/04/13 (02:32:44) | WARNING: Intel GPU: Failed to initialize PMU

2025/04/13 (02:33:06) | ===> btop++ v.1.4.0
2025/04/13 (02:33:06) | WARNING: NVML: Failed to get maximum GPU power draw, defaulting to 225W: Not Supported
2025/04/13 (02:33:07) | WARNING: Intel GPU: Failed to initialize PMU

2025/04/13 (02:33:28) | ===> btop++ v.1.4.0
2025/04/13 (02:33:28) | WARNING: NVML: Failed to get maximum GPU power draw, defaulting to 225W: Not Supported
2025/04/13 (02:33:28) | WARNING: Intel GPU: Failed to initialize PMU
2025/04/13 (02:34:06) | WARNING: Failed to join _runner thread on exit!

2025/04/13 (02:35:02) | ===> btop++ v.1.4.0
2025/04/13 (02:35:02) | WARNING: NVML: Failed to get maximum GPU power draw, defaulting to 225W: Not Supported
2025/04/13 (02:35:03) | WARNING: Intel GPU: Failed to initialize PMU
2025/04/13 (02:35:12) | WARNING: Failed to join _runner thread on exit!

2025/04/13 (02:38:23) | ===> btop++ v.1.4.0
2025/04/13 (02:38:23) | WARNING: NVML: Failed to get maximum GPU power draw, defaulting to 225W: Not Supported
2025/04/13 (02:38:23) | WARNING: Intel GPU: Failed to initialize PMU

2025/04/13 (02:42:57) | ===> btop++ v.1.4.0
2025/04/13 (02:42:57) | WARNING: NVML: Failed to get maximum GPU power draw, defaulting to 225W: Not Supported
2025/04/13 (02:42:57) | WARNING: Intel GPU: Failed to initialize PMU

2025/04/14 (00:44:27) | ===> btop++ v.1.4.0
2025/04/14 (00:44:27) | WARNING: NVML: Failed to get maximum GPU power draw, defaulting to 225W: Not Supported
2025/04/14 (00:44:27) | WARNING: Intel GPU: Failed to initialize PMU

2025/04/14 (17:00:54) | ===> btop++ v.1.4.0
2025/04/14 (17:00:54) | WARNING: NVML: Failed to get maximum GPU power draw, defaulting to 225W: Not Supported
2025/04/14 (17:00:54) | WARNING: Intel GPU: Failed to initialize PMU

2025/04/14 (17:01:00) | ===> btop++ v.1.4.0
2025/04/14 (17:01:00) | WARNING: NVML: Failed to get maximum GPU power draw, defaulting to 225W: Not Supported
2025/04/14 (17:01:00) | WARNING: Intel GPU: Failed to initialize PMU

2025/04/15 (03:06:05) | ===> btop++ v.1.4.0
2025/04/15 (03:06:05) | WARNING: NVML: Failed to get maximum GPU power draw, defaulting to 225W: Not Supported
2025/04/15 (03:06:06) | WARNING: Intel GPU: Failed to initialize PMU

2025/04/15 (04:27:20) | ===> btop++ v.1.4.0
2025/04/15 (04:27:20) | WARNING: NVML: Failed to get maximum GPU power draw, defaulting to 225W: Not Supported
2025/04/15 (04:27:20) | WARNING: Intel GPU: Failed to initialize PMU

2025/04/15 (04:44:41) | ===> btop++ v.1.4.0
2025/04/15 (04:44:41) | WARNING: NVML: Failed to get maximum GPU power draw, defaulting to 225W: Not Supported
2025/04/15 (04:44:41) | WARNING: Intel GPU: Failed to initialize PMU

2025/04/17 (17:54:30) | ===> btop++ v.1.4.0
2025/04/17 (17:54:30) | WARNING: NVML: Failed to get maximum GPU power draw, defaulting to 225W: Not Supported
2025/04/17 (17:54:30) | WARNING: Intel GPU: Failed to initialize PMU

2025/04/17 (17:56:59) | ===> btop++ v.1.4.0
2025/04/17 (17:56:59) | WARNING: NVML: Failed to get maximum GPU power draw, defaulting to 225W: Not Supported
2025/04/17 (17:56:59) | WARNING: Intel GPU: Failed to initialize PMU

2025/04/18 (20:37:28) | ===> btop++ v.1.4.0
2025/04/18 (20:37:28) | WARNING: NVML: Failed to get maximum GPU power draw, defaulting to 225W: Not Supported
2025/04/18 (20:37:28) | WARNING: Intel GPU: Failed to initialize PMU

2025/04/20 (22:23:32) | ===> btop++ v.1.4.0
2025/04/20 (22:23:32) | WARNING: NVML: Failed to get maximum GPU power draw, defaulting to 225W: Not Supported
2025/04/20 (22:23:32) | WARNING: Intel GPU: Failed to initialize PMU

2025/04/20 (22:23:43) | ===> btop++ v.1.4.0
2025/04/20 (22:23:43) | WARNING: NVML: Failed to get maximum GPU power draw, defaulting to 225W: Not Supported
2025/04/20 (22:23:43) | WARNING: Intel GPU: Failed to initialize PMU

2025/04/21 (23:53:56) | ===> btop++ v.1.4.0
2025/04/21 (23:53:56) | WARNING: NVML: Failed to get maximum GPU power draw, defaulting to 225W: Not Supported
2025/04/21 (23:53:56) | WARNING: Intel GPU: Failed to initialize PMU

2025/05/02 (08:06:06) | ===> btop++ v.1.4.0
2025/05/02 (08:06:06) | WARNING: NVML: Failed to get maximum GPU power draw, defaulting to 225W: Not Supported
2025/05/02 (08:06:06) | WARNING: Intel GPU: Failed to initialize PMU

2025/05/08 (18:44:03) | ===> btop++ v.1.4.0
2025/05/08 (18:44:03) | WARNING: NVML: Failed to get maximum GPU power draw, defaulting to 225W: Not Supported
2025/05/08 (18:44:03) | WARNING: Intel GPU: Failed to initialize PMU

2025/05/10 (11:06:42) | ===> btop++ v.1.4.0
2025/05/10 (11:06:42) | WARNING: NVML: Failed to get maximum GPU power draw, defaulting to 225W: Not Supported
2025/05/10 (11:06:42) | WARNING: Intel GPU: Failed to initialize PMU

2025/05/13 (22:07:14) | ===> btop++ v.1.4.0
2025/05/13 (22:07:14) | WARNING: NVML: Failed to get maximum GPU power draw, defaulting to 225W: Not Supported
2025/05/13 (22:07:14) | WARNING: Intel GPU: Failed to initialize PMU

2025/05/13 (22:07:18) | ===> btop++ v.1.4.0
2025/05/13 (22:07:18) | WARNING: NVML: Failed to get maximum GPU power draw, defaulting to 225W: Not Supported
2025/05/13 (22:07:18) | WARNING: Intel GPU: Failed to initialize PMU

2025/05/18 (23:31:12) | ===> btop++ v.1.4.0
2025/05/18 (23:31:12) | WARNING: NVML: Failed to get maximum GPU power draw, defaulting to 225W: Not Supported
2025/05/18 (23:31:12) | WARNING: Intel GPU: Failed to initialize PMU

2025/05/18 (23:31:32) | ===> btop++ v.1.4.0
2025/05/18 (23:31:32) | WARNING: NVML: Failed to get maximum GPU power draw, defaulting to 225W: Not Supported
2025/05/18 (23:31:32) | WARNING: Intel GPU: Failed to initialize PMU

2025/05/19 (00:05:19) | ===> btop++ v.1.4.0
2025/05/19 (00:05:19) | WARNING: NVML: Failed to get maximum GPU power draw, defaulting to 225W: Not Supported
2025/05/19 (00:05:19) | WARNING: Intel GPU: Failed to initialize PMU
2025/05/19 (00:05:30) | WARNING: Failed to join _runner thread on exit!

2025/05/19 (00:05:33) | ===> btop++ v.1.4.0
2025/05/19 (00:05:33) | WARNING: NVML: Failed to get maximum GPU power draw, defaulting to 225W: Not Supported
2025/05/19 (00:05:33) | WARNING: Intel GPU: Failed to initialize PMU
2025/05/19 (00:05:44) | WARNING: Failed to join _runner thread on exit!
